<?xml version="1.0" encoding="UTF-8"?>
<!-- Generated by org.testng.reporters.JUnitReportReporter -->
<testsuite hostname="LAPTOP-HSO9CVC5" failures="0" tests="3" name="testNG.DemonstrationOfDependsOnMethods" time="0.008" errors="0" timestamp="2023-11-09T09:17:40 IST" skipped="0">
  <testcase classname="testNG.DemonstrationOfDependsOnMethods" name="home" time="0.001"/>
  <system-out/>
  <testcase classname="testNG.DemonstrationOfDependsOnMethods" name="logout" time="0.001"/>
  <system-out/>
  <testcase classname="testNG.DemonstrationOfDependsOnMethods" name="login" time="0.006"/>
  <system-out/>
</testsuite> <!-- testNG.DemonstrationOfDependsOnMethods -->
