<?xml version="1.0" encoding="UTF-8"?>
<!-- Generated by org.testng.reporters.JUnitReportReporter -->
<testsuite hostname="LAPTOP-HSO9CVC5" failures="0" tests="1" name="testNG.BatchExecution3" time="20.038" errors="0" timestamp="2023-11-09T10:19:17 IST" skipped="0">
  <testcase classname="testNG.BatchExecution3" name="navigateToajio" time="20.038"/>
  <system-out/>
</testsuite> <!-- testNG.BatchExecution3 -->
