<?xml version="1.0" encoding="UTF-8"?>
<!-- Generated by org.testng.reporters.JUnitReportReporter -->
<testsuite hostname="LAPTOP-HSO9CVC5" failures="0" tests="1" name="testNG.TC_3" time="42.681" errors="0" timestamp="2023-11-09T10:31:01 IST" skipped="0">
  <testcase classname="testNG.TC_3" name="navigateToajio" time="42.681"/>
  <system-out/>
</testsuite> <!-- testNG.TC_3 -->
