<?xml version="1.0" encoding="UTF-8"?>
<!-- Generated by org.testng.reporters.JUnitReportReporter -->
<testsuite hostname="LAPTOP-HSO9CVC5" failures="0" tests="3" name="testNG.DemonstrationForPriority" time="0.011" errors="0" timestamp="2023-11-09T09:00:10 IST" skipped="0">
  <testcase classname="testNG.DemonstrationForPriority" name="home" time="0.008"/>
  <system-out/>
  <testcase classname="testNG.DemonstrationForPriority" name="logout" time="0.002"/>
  <system-out/>
  <testcase classname="testNG.DemonstrationForPriority" name="login" time="0.001"/>
  <system-out/>
</testsuite> <!-- testNG.DemonstrationForPriority -->
