<?xml version="1.0" encoding="UTF-8"?>
<!-- Generated by org.testng.reporters.JUnitReportReporter -->
<testsuite hostname="LAPTOP-HSO9CVC5" failures="0" tests="2" name="testNG.CrossBrowserExecution" time="0.008" errors="0" timestamp="2023-11-10T20:14:24 IST" skipped="0">
  <testcase classname="testNG.CrossBrowserExecution" name="cbt" time="0.007"/>
  <system-out/>
  <testcase classname="testNG.CrossBrowserExecution" name="cbt" time="0.001"/>
  <system-out/>
</testsuite> <!-- testNG.CrossBrowserExecution -->
