<?xml version="1.0" encoding="UTF-8"?>
<!-- Generated by org.testng.reporters.JUnitReportReporter -->
<testsuite hostname="LAPTOP-HSO9CVC5" failures="0" tests="1" name="testNG.DemoTest" time="0.006" errors="0" timestamp="2023-11-08T11:41:14 IST" skipped="0">
  <testcase classname="testNG.DemoTest" name="login" time="0.006"/>
  <system-out/>
</testsuite> <!-- testNG.DemoTest -->
