<?xml version="1.0" encoding="UTF-8"?>
<!-- Generated by org.testng.reporters.JUnitReportReporter -->
<testsuite hostname="LAPTOP-HSO9CVC5" failures="0" tests="30" name="testNG.InvocationCount" time="0.032" errors="0" timestamp="2023-11-09T09:25:35 IST" skipped="0">
  <testcase classname="testNG.InvocationCount" name="login" time="0.001"/>
  <system-out/>
  <testcase classname="testNG.InvocationCount" name="login" time="0.000"/>
  <system-out/>
  <testcase classname="testNG.InvocationCount" name="login" time="0.001"/>
  <system-out/>
  <testcase classname="testNG.InvocationCount" name="login" time="0.000"/>
  <system-out/>
  <testcase classname="testNG.InvocationCount" name="login" time="0.001"/>
  <system-out/>
  <testcase classname="testNG.InvocationCount" name="login" time="0.001"/>
  <system-out/>
  <testcase classname="testNG.InvocationCount" name="login" time="0.001"/>
  <system-out/>
  <testcase classname="testNG.InvocationCount" name="login" time="0.000"/>
  <system-out/>
  <testcase classname="testNG.InvocationCount" name="login" time="0.001"/>
  <system-out/>
  <testcase classname="testNG.InvocationCount" name="login" time="0.000"/>
  <system-out/>
  <testcase classname="testNG.InvocationCount" name="login" time="0.001"/>
  <system-out/>
  <testcase classname="testNG.InvocationCount" name="login" time="0.001"/>
  <system-out/>
  <testcase classname="testNG.InvocationCount" name="login" time="0.001"/>
  <system-out/>
  <testcase classname="testNG.InvocationCount" name="login" time="0.001"/>
  <system-out/>
  <testcase classname="testNG.InvocationCount" name="login" time="0.001"/>
  <system-out/>
  <testcase classname="testNG.InvocationCount" name="login" time="0.008"/>
  <system-out/>
  <testcase classname="testNG.InvocationCount" name="login" time="0.000"/>
  <system-out/>
  <testcase classname="testNG.InvocationCount" name="login" time="0.001"/>
  <system-out/>
  <testcase classname="testNG.InvocationCount" name="login" time="0.002"/>
  <system-out/>
  <testcase classname="testNG.InvocationCount" name="login" time="0.000"/>
  <system-out/>
  <testcase classname="testNG.InvocationCount" name="login" time="0.001"/>
  <system-out/>
  <testcase classname="testNG.InvocationCount" name="login" time="0.001"/>
  <system-out/>
  <testcase classname="testNG.InvocationCount" name="login" time="0.001"/>
  <system-out/>
  <testcase classname="testNG.InvocationCount" name="login" time="0.001"/>
  <system-out/>
  <testcase classname="testNG.InvocationCount" name="login" time="0.001"/>
  <system-out/>
  <testcase classname="testNG.InvocationCount" name="login" time="0.001"/>
  <system-out/>
  <testcase classname="testNG.InvocationCount" name="login" time="0.001"/>
  <system-out/>
  <testcase classname="testNG.InvocationCount" name="login" time="0.000"/>
  <system-out/>
  <testcase classname="testNG.InvocationCount" name="login" time="0.002"/>
  <system-out/>
  <testcase classname="testNG.InvocationCount" name="login" time="0.001"/>
  <system-out/>
</testsuite> <!-- testNG.InvocationCount -->
