<?xml version="1.0" encoding="UTF-8"?>
<!-- Generated by org.testng.reporters.JUnitReportReporter -->
<testsuite hostname="LAPTOP-HSO9CVC5" failures="0" tests="4" name="testNG.ThreadPoolSize" time="14.028" errors="0" timestamp="2023-11-09T09:39:11 IST" skipped="0">
  <testcase classname="testNG.ThreadPoolSize" name="login" time="3.475"/>
  <system-out/>
  <testcase classname="testNG.ThreadPoolSize" name="login" time="3.506"/>
  <system-out/>
  <testcase classname="testNG.ThreadPoolSize" name="login" time="3.509"/>
  <system-out/>
  <testcase classname="testNG.ThreadPoolSize" name="login" time="3.538"/>
  <system-out/>
</testsuite> <!-- testNG.ThreadPoolSize -->
