<?xml version="1.0" encoding="UTF-8"?>
<!-- Generated by org.testng.reporters.JUnitReportReporter -->
<testsuite hostname="LAPTOP-HSO9CVC5" failures="0" tests="1" name="testNG.TC_8" time="17.407" errors="0" timestamp="2023-11-10T09:47:58 IST" skipped="0">
  <testcase classname="testNG.TC_8" name="navigateTomyntra" time="17.407"/>
  <system-out/>
</testsuite> <!-- testNG.TC_8 -->
