<?xml version="1.0" encoding="UTF-8"?>
<!-- Generated by org.testng.reporters.JUnitReportReporter -->
<testsuite hostname="LAPTOP-HSO9CVC5" failures="0" tests="1" name="testNG.TC_5" time="24.673" errors="0" timestamp="2023-11-10T09:51:18 IST" skipped="0">
  <testcase classname="testNG.TC_5" name="amazon" time="24.673"/>
  <system-out/>
</testsuite> <!-- testNG.TC_5 -->
