<?xml version="1.0" encoding="UTF-8"?>
<!-- Generated by org.testng.reporters.JUnitReportReporter -->
<testsuite hostname="LAPTOP-HSO9CVC5" failures="0" tests="1" name="testNG.TC_1" time="30.559" errors="0" timestamp="2023-11-09T10:31:01 IST" skipped="0">
  <testcase classname="testNG.TC_1" name="amazon" time="30.559"/>
  <system-out/>
</testsuite> <!-- testNG.TC_1 -->
