<?xml version="1.0" encoding="UTF-8"?>
<!-- Generated by org.testng.reporters.JUnitReportReporter -->
<testsuite hostname="LAPTOP-HSO9CVC5" failures="0" tests="3" name="testNG.Enabled" time="0.007" errors="0" timestamp="2023-11-15T23:14:36 IST" skipped="1">
  <testcase classname="testNG.Enabled" name="home" time="0.006"/>
  <system-out/>
  <testcase classname="testNG.Enabled" name="login" time="0.001"/>
  <system-out/>
  <testcase classname="testNG.Enabled" name="logout">
    <skipped/>
  </testcase> <!-- logout -->
  <system-out/>
</testsuite> <!-- testNG.Enabled -->
